0 info it worked if it ends with ok
1 verbose cli [ 'C:\\Program Files\\nodejs\\node.exe',
1 verbose cli   'C:\\Program Files\\nodejs\\node_modules\\npm\\bin\\npm-cli.js',
1 verbose cli   'install',
1 verbose cli   'PizzaMenu',
1 verbose cli   '--save' ]
2 info using npm@2.15.5
3 info using node@v4.4.5
4 verbose install initial load of C:\Users\Alina\Downloads\JS-Pizza-master\package.json
5 warn package.json Pizza@1.0.0 No repository field.
6 verbose installManyTop reading scoped package data from C:\Users\Alina\Downloads\JS-Pizza-master\node_modules\basil.js\package.json
7 verbose installManyTop reading scoped package data from C:\Users\Alina\Downloads\JS-Pizza-master\node_modules\brfs\package.json
8 verbose installManyTop reading scoped package data from C:\Users\Alina\Downloads\JS-Pizza-master\node_modules\ejs\package.json
9 verbose installManyTop reading scoped package data from C:\Users\Alina\Downloads\JS-Pizza-master\node_modules\grunt\package.json
10 verbose installManyTop reading scoped package data from C:\Users\Alina\Downloads\JS-Pizza-master\node_modules\grunt-browserify\package.json
11 verbose installManyTop reading scoped package data from C:\Users\Alina\Downloads\JS-Pizza-master\node_modules\grunt-contrib-watch\package.json
12 verbose installManyTop reading scoped package data from C:\Users\Alina\Downloads\JS-Pizza-master\node_modules\module-name\package.json
13 info package.json basil.js@0.4.4 No repository field.
14 info package.json basil.js@0.4.4 No license field.
15 info package.json grunt@0.4.5 No license field.
16 info package.json grunt-browserify@4.0.1 No license field.
17 info package.json grunt-contrib-watch@0.6.1 No license field.
18 verbose readDependencies loading dependencies from C:\Users\Alina\Downloads\JS-Pizza-master\package.json
19 silly cache add args [ 'PizzaMenu', null ]
20 verbose cache add spec PizzaMenu
21 silly cache add parsed spec Result {
21 silly cache add   raw: 'PizzaMenu',
21 silly cache add   scope: null,
21 silly cache add   name: 'PizzaMenu',
21 silly cache add   rawSpec: '',
21 silly cache add   spec: 'latest',
21 silly cache add   type: 'tag' }
22 silly addNamed PizzaMenu@latest
23 verbose addNamed "latest" is being treated as a dist-tag for PizzaMenu
24 info addNameTag [ 'PizzaMenu', 'latest' ]
25 silly mapToRegistry name PizzaMenu
26 silly mapToRegistry using default registry
27 silly mapToRegistry registry https://registry.npmjs.org/
28 silly mapToRegistry data Result {
28 silly mapToRegistry   raw: 'PizzaMenu',
28 silly mapToRegistry   scope: null,
28 silly mapToRegistry   name: 'PizzaMenu',
28 silly mapToRegistry   rawSpec: '',
28 silly mapToRegistry   spec: 'latest',
28 silly mapToRegistry   type: 'tag' }
29 silly mapToRegistry uri https://registry.npmjs.org/PizzaMenu
30 verbose addNameTag registry:https://registry.npmjs.org/PizzaMenu not in flight; fetching
31 verbose request uri https://registry.npmjs.org/PizzaMenu
32 verbose request no auth needed
33 info attempt registry request try #1 at 01:07:36
34 verbose request id f6947298568688c3
35 http request GET https://registry.npmjs.org/PizzaMenu
36 http 404 https://registry.npmjs.org/PizzaMenu
37 verbose headers { 'content-type': 'application/json',
37 verbose headers   'cache-control': 'max-age=0',
37 verbose headers   'content-length': '2',
37 verbose headers   'accept-ranges': 'bytes',
37 verbose headers   date: 'Sun, 22 Jan 2017 23:07:39 GMT',
37 verbose headers   via: '1.1 varnish',
37 verbose headers   age: '0',
37 verbose headers   connection: 'keep-alive',
37 verbose headers   'x-served-by': 'cache-hhn1528-HHN',
37 verbose headers   'x-cache': 'MISS',
37 verbose headers   'x-cache-hits': '0',
37 verbose headers   'x-timer': 'S1485126458.345822,VS0,VE678',
37 verbose headers   vary: 'Accept-Encoding' }
38 silly get cb [ 404,
38 silly get   { 'content-type': 'application/json',
38 silly get     'cache-control': 'max-age=0',
38 silly get     'content-length': '2',
38 silly get     'accept-ranges': 'bytes',
38 silly get     date: 'Sun, 22 Jan 2017 23:07:39 GMT',
38 silly get     via: '1.1 varnish',
38 silly get     age: '0',
38 silly get     connection: 'keep-alive',
38 silly get     'x-served-by': 'cache-hhn1528-HHN',
38 silly get     'x-cache': 'MISS',
38 silly get     'x-cache-hits': '0',
38 silly get     'x-timer': 'S1485126458.345822,VS0,VE678',
38 silly get     vary: 'Accept-Encoding' } ]
39 verbose stack Error: Registry returned 404 for GET on https://registry.npmjs.org/PizzaMenu
39 verbose stack     at makeError (C:\Program Files\nodejs\node_modules\npm\node_modules\npm-registry-client\lib\request.js:264:12)
39 verbose stack     at CachingRegistryClient.<anonymous> (C:\Program Files\nodejs\node_modules\npm\node_modules\npm-registry-client\lib\request.js:242:14)
39 verbose stack     at Request._callback (C:\Program Files\nodejs\node_modules\npm\node_modules\npm-registry-client\lib\request.js:172:14)
39 verbose stack     at Request.self.callback (C:\Program Files\nodejs\node_modules\npm\node_modules\request\request.js:200:22)
39 verbose stack     at emitTwo (events.js:87:13)
39 verbose stack     at Request.emit (events.js:172:7)
39 verbose stack     at Request.<anonymous> (C:\Program Files\nodejs\node_modules\npm\node_modules\request\request.js:1067:10)
39 verbose stack     at emitOne (events.js:82:20)
39 verbose stack     at Request.emit (events.js:169:7)
39 verbose stack     at IncomingMessage.<anonymous> (C:\Program Files\nodejs\node_modules\npm\node_modules\request\request.js:988:12)
40 verbose statusCode 404
41 verbose pkgid PizzaMenu
42 verbose cwd C:\Users\Alina\Downloads\JS-Pizza-master\Frontend\www\assets\js
43 error Windows_NT 6.3.9600
44 error argv "C:\\Program Files\\nodejs\\node.exe" "C:\\Program Files\\nodejs\\node_modules\\npm\\bin\\npm-cli.js" "install" "PizzaMenu" "--save"
45 error node v4.4.5
46 error npm  v2.15.5
47 error code E404
48 error 404 Registry returned 404 for GET on https://registry.npmjs.org/PizzaMenu
48 error 404
48 error 404 'PizzaMenu' is not in the npm registry.
48 error 404 Your package name is not valid, because
48 error 404
48 error 404  1. name can no longer contain capital letters
48 error 404 It was specified as a dependency of 'Pizza'
48 error 404
48 error 404 Note that you can also install from a
48 error 404 tarball, folder, http url, or git url.
49 verbose exit [ 1, true ]
